<?xml version="1.0" encoding="UTF-8"?>
<testsuite xmlns:xsi="http://www.w3.org/2001/XMLSchema-instance" xsi:noNamespaceSchemaLocation="https://maven.apache.org/surefire/maven-surefire-plugin/xsd/surefire-test-report-3.0.xsd" version="3.0" name="com.techready.challenge.tdd.JsonCsvConverterTest" time="0.035" tests="3" errors="0" skipped="0" failures="0">
  <properties>
    <property name="java.specification.version" value="21"/>
    <property name="sun.jnu.encoding" value="UTF-8"/>
    <property name="java.class.path" value="/Users/roberto.torres/Projects/TechReady/target/test-classes:/Users/roberto.torres/Projects/TechReady/target/classes:/Users/roberto.torres/.m2/repository/org/apache/commons/commons-csv/1.14.1/commons-csv-1.14.1.jar:/Users/roberto.torres/.m2/repository/commons-io/commons-io/2.20.0/commons-io-2.20.0.jar:/Users/roberto.torres/.m2/repository/commons-codec/commons-codec/1.19.0/commons-codec-1.19.0.jar:/Users/roberto.torres/.m2/repository/org/json/json/20250517/json-20250517.jar:/Users/roberto.torres/.m2/repository/junit/junit/4.13.2/junit-4.13.2.jar:/Users/roberto.torres/.m2/repository/org/hamcrest/hamcrest-core/1.3/hamcrest-core-1.3.jar:"/>
    <property name="java.vm.vendor" value="Amazon.com Inc."/>
    <property name="sun.arch.data.model" value="64"/>
    <property name="java.vendor.url" value="https://aws.amazon.com/corretto/"/>
    <property name="os.name" value="Mac OS X"/>
    <property name="java.vm.specification.version" value="21"/>
    <property name="sun.java.launcher" value="SUN_STANDARD"/>
    <property name="user.country" value="MX"/>
    <property name="sun.boot.library.path" value="/Library/Java/JavaVirtualMachines/amazon-corretto-21.jdk/Contents/Home/lib"/>
    <property name="sun.java.command" value="/Users/roberto.torres/Projects/TechReady/target/surefire/surefirebooter-20250922175234768_3.jar /Users/roberto.torres/Projects/TechReady/target/surefire 2025-09-22T17-52-34_701-jvmRun1 surefire-20250922175234768_1tmp surefire_0-20250922175234768_2tmp"/>
    <property name="jdk.debug" value="release"/>
    <property name="surefire.test.class.path" value="/Users/roberto.torres/Projects/TechReady/target/test-classes:/Users/roberto.torres/Projects/TechReady/target/classes:/Users/roberto.torres/.m2/repository/org/apache/commons/commons-csv/1.14.1/commons-csv-1.14.1.jar:/Users/roberto.torres/.m2/repository/commons-io/commons-io/2.20.0/commons-io-2.20.0.jar:/Users/roberto.torres/.m2/repository/commons-codec/commons-codec/1.19.0/commons-codec-1.19.0.jar:/Users/roberto.torres/.m2/repository/org/json/json/20250517/json-20250517.jar:/Users/roberto.torres/.m2/repository/junit/junit/4.13.2/junit-4.13.2.jar:/Users/roberto.torres/.m2/repository/org/hamcrest/hamcrest-core/1.3/hamcrest-core-1.3.jar:"/>
    <property name="sun.cpu.endian" value="little"/>
    <property name="user.home" value="/Users/roberto.torres"/>
    <property name="user.language" value="en"/>
    <property name="java.specification.vendor" value="Oracle Corporation"/>
    <property name="java.version.date" value="2025-07-15"/>
    <property name="java.home" value="/Library/Java/JavaVirtualMachines/amazon-corretto-21.jdk/Contents/Home"/>
    <property name="file.separator" value="/"/>
    <property name="basedir" value="/Users/roberto.torres/Projects/TechReady"/>
    <property name="java.vm.compressedOopsMode" value="Zero based"/>
    <property name="line.separator" value="&#10;"/>
    <property name="java.specification.name" value="Java Platform API Specification"/>
    <property name="java.vm.specification.vendor" value="Oracle Corporation"/>
    <property name="apple.awt.application.name" value="ForkedBooter"/>
    <property name="surefire.real.class.path" value="/Users/roberto.torres/Projects/TechReady/target/surefire/surefirebooter-20250922175234768_3.jar"/>
    <property name="sun.management.compiler" value="HotSpot 64-Bit Tiered Compilers"/>
    <property name="java.runtime.version" value="21.0.8+9-LTS"/>
    <property name="user.name" value="roberto.torres"/>
    <property name="stdout.encoding" value="UTF-8"/>
    <property name="path.separator" value=":"/>
    <property name="os.version" value="15.6.1"/>
    <property name="java.runtime.name" value="OpenJDK Runtime Environment"/>
    <property name="file.encoding" value="UTF-8"/>
    <property name="java.vm.name" value="OpenJDK 64-Bit Server VM"/>
    <property name="java.vendor.version" value="Corretto-21.0.8.9.1"/>
    <property name="localRepository" value="/Users/roberto.torres/.m2/repository"/>
    <property name="java.vendor.url.bug" value="https://github.com/corretto/corretto-21/issues/"/>
    <property name="java.io.tmpdir" value="/var/folders/yk/wm56n93x4gl7jp0jm0p854980000gn/T/"/>
    <property name="java.version" value="21.0.8"/>
    <property name="user.dir" value="/Users/roberto.torres/Projects/TechReady"/>
    <property name="os.arch" value="aarch64"/>
    <property name="java.vm.specification.name" value="Java Virtual Machine Specification"/>
    <property name="native.encoding" value="UTF-8"/>
    <property name="java.library.path" value="/Users/roberto.torres/Library/Java/Extensions:/Library/Java/Extensions:/Network/Library/Java/Extensions:/System/Library/Java/Extensions:/usr/lib/java:."/>
    <property name="java.vm.info" value="mixed mode, sharing"/>
    <property name="stderr.encoding" value="UTF-8"/>
    <property name="java.vendor" value="Amazon.com Inc."/>
    <property name="java.vm.version" value="21.0.8+9-LTS"/>
    <property name="sun.io.unicode.encoding" value="UnicodeBig"/>
    <property name="java.class.version" value="65.0"/>
  </properties>
  <testcase name="whenJsonHasMultipleObjects_shouldParseJsonIntoCsvRows" classname="com.techready.challenge.tdd.JsonCsvConverterTest" time="0.008"/>
  <testcase name="shouldParseJsonIntoCsvRow" classname="com.techready.challenge.tdd.JsonCsvConverterTest" time="0.008">
    <system-out><![CDATA[Passed json is not an array!
]]></system-out>
  </testcase>
  <testcase name="whenJsonIsEmpty_shouldThrowException" classname="com.techready.challenge.tdd.JsonCsvConverterTest" time="0.0"/>
</testsuite>